TN:
SF:src\application\mappers\PersonMapper.ts
FN:18,(anonymous_0)
FNF:1
FNH:1
FNDA:11,(anonymous_0)
DA:17,2
DA:19,11
LF:2
LH:2
BRF:0
BRH:0
end_of_record
TN:
SF:src\application\use-cases\CreatePersonUseCase.ts
FN:6,(anonymous_0)
FN:8,(anonymous_1)
FNF:2
FNH:2
FNDA:17,(anonymous_0)
FNDA:2,(anonymous_1)
DA:1,2
DA:5,2
DA:6,17
DA:9,2
DA:20,2
LF:5
LH:5
BRF:0
BRH:0
end_of_record
TN:
SF:src\application\use-cases\DeletePersonUseCase.ts
FN:4,(anonymous_0)
FN:6,(anonymous_1)
FNF:2
FNH:2
FNDA:17,(anonymous_0)
FNDA:2,(anonymous_1)
DA:3,2
DA:4,17
DA:7,2
LF:3
LH:3
BRF:0
BRH:0
end_of_record
TN:
SF:src\application\use-cases\GetAllPersonsUseCase.ts
FN:5,(anonymous_0)
FN:7,(anonymous_1)
FNF:2
FNH:2
FNDA:18,(anonymous_0)
FNDA:3,(anonymous_1)
DA:4,2
DA:5,18
DA:8,3
LF:3
LH:3
BRF:0
BRH:0
end_of_record
TN:
SF:src\application\use-cases\GetPersonByIdUseCase.ts
FN:5,(anonymous_0)
FN:7,(anonymous_1)
FNF:2
FNH:2
FNDA:18,(anonymous_0)
FNDA:3,(anonymous_1)
DA:4,2
DA:5,18
DA:8,3
LF:3
LH:3
BRF:0
BRH:0
end_of_record
TN:
SF:src\application\use-cases\UpdatePersonUseCase.ts
FN:6,(anonymous_0)
FN:8,(anonymous_1)
FNF:2
FNH:2
FNDA:21,(anonymous_0)
FNDA:6,(anonymous_1)
DA:1,2
DA:5,2
DA:6,21
DA:9,6
DA:20,5
LF:5
LH:5
BRF:0
BRH:0
end_of_record
TN:
SF:src\domain\entities\Person.ts
FN:2,(anonymous_0)
FN:18,(anonymous_1)
FNF:2
FNH:2
FNDA:34,(anonymous_0)
FNDA:34,(anonymous_1)
DA:1,9
DA:3,34
DA:4,34
DA:5,34
DA:6,34
DA:7,34
DA:8,34
DA:9,34
DA:10,34
DA:11,34
DA:12,34
DA:13,34
DA:15,34
DA:19,34
DA:20,32
DA:21,31
DA:22,31
DA:23,30
DA:24,29
LF:19
LH:19
BRDA:19,0,0,2
BRDA:20,1,0,1
BRDA:21,2,0,0
BRDA:22,3,0,1
BRDA:23,4,0,1
BRDA:24,5,0,1
BRF:6
BRH:5
end_of_record
TN:
SF:src\infrastructure\plugins\prisma.ts
FN:11,(anonymous_1)
FN:18,(anonymous_2)
FNF:2
FNH:2
FNDA:2,(anonymous_1)
FNDA:2,(anonymous_2)
DA:1,1
DA:2,1
DA:11,1
DA:12,2
DA:14,2
DA:16,2
DA:18,2
DA:19,2
DA:23,1
LF:9
LH:9
BRF:0
BRH:0
end_of_record
TN:
SF:src\infrastructure\repositories\PrismaPersonRepository.ts
FN:6,(anonymous_0)
FN:8,(anonymous_1)
FN:24,(anonymous_2)
FN:26,(anonymous_3)
FN:29,(anonymous_4)
FN:37,(anonymous_5)
FN:54,(anonymous_6)
FN:60,(anonymous_7)
FNF:8
FNH:8
FNDA:24,(anonymous_0)
FNDA:1,(anonymous_1)
FNDA:2,(anonymous_2)
FNDA:2,(anonymous_3)
FNDA:2,(anonymous_4)
FNDA:2,(anonymous_5)
FNDA:2,(anonymous_6)
FNDA:5,(anonymous_7)
DA:2,2
DA:5,2
DA:6,24
DA:9,1
DA:21,1
DA:25,2
DA:26,2
DA:30,2
DA:34,2
DA:38,2
DA:51,1
DA:55,2
DA:61,5
LF:13
LH:13
BRDA:34,0,0,1
BRDA:34,0,1,1
BRF:2
BRH:2
end_of_record
TN:
SF:src\presentation\controllers\PersonController.ts
FN:11,(anonymous_0)
FN:19,(anonymous_1)
FN:32,(anonymous_2)
FN:42,(anonymous_3)
FN:55,(anonymous_4)
FN:77,(anonymous_5)
FNF:6
FNH:6
FNDA:11,(anonymous_0)
FNDA:2,(anonymous_1)
FNDA:2,(anonymous_2)
FNDA:3,(anonymous_3)
FNDA:2,(anonymous_4)
FNDA:2,(anonymous_5)
DA:8,1
DA:10,1
DA:12,11
DA:13,11
DA:14,11
DA:15,11
DA:16,11
DA:20,2
DA:21,2
DA:22,1
DA:24,1
DA:25,0
DA:27,1
DA:28,1
DA:33,2
DA:34,2
DA:35,1
DA:37,1
DA:38,1
DA:43,3
DA:44,3
DA:45,2
DA:46,1
DA:48,1
DA:50,1
DA:51,1
DA:59,2
DA:60,2
DA:64,1
DA:66,1
DA:67,0
DA:69,1
DA:70,0
DA:72,1
DA:73,1
DA:78,2
DA:79,2
DA:80,1
DA:82,1
DA:83,0
DA:85,1
DA:86,1
LF:42
LH:38
BRDA:24,0,0,0
BRDA:45,1,0,1
BRDA:66,2,0,0
BRDA:69,3,0,0
BRDA:82,4,0,0
BRF:5
BRH:1
end_of_record
TN:
SF:src\presentation\routes\person.routes.ts
FN:18,personRoutes
FN:85,(anonymous_1)
FN:107,(anonymous_2)
FN:130,(anonymous_3)
FN:161,(anonymous_4)
FN:190,(anonymous_5)
FNF:6
FNH:6
FNDA:15,personRoutes
FNDA:3,(anonymous_1)
FNDA:2,(anonymous_2)
FNDA:2,(anonymous_3)
FNDA:5,(anonymous_4)
FNDA:2,(anonymous_5)
DA:2,1
DA:3,1
DA:4,1
DA:5,1
DA:6,1
DA:7,1
DA:8,1
DA:18,1
DA:19,15
DA:21,15
DA:29,15
DA:45,15
DA:59,15
DA:72,15
DA:91,3
DA:95,15
DA:108,2
DA:112,15
DA:136,2
DA:140,15
DA:168,5
DA:172,15
DA:196,2
LF:23
LH:23
BRF:0
BRH:0
end_of_record
TN:
SF:src\presentation\schemas\person.schema.ts
FNF:0
FNH:0
DA:1,1
DA:17,1
DA:31,1
LF:3
LH:3
BRF:0
BRH:0
end_of_record
TN:
SF:src\test\setup.ts
FN:14,(anonymous_0)
FN:15,(anonymous_1)
FN:18,(anonymous_2)
FN:20,(anonymous_3)
FNF:4
FNH:2
FNDA:0,(anonymous_0)
FNDA:0,(anonymous_1)
FNDA:1,(anonymous_2)
FNDA:9,(anonymous_3)
DA:1,1
DA:14,1
DA:15,0
DA:18,1
DA:20,1
DA:21,9
LF:6
LH:5
BRF:0
BRH:0
end_of_record
